<?xml version="1.0" encoding="UTF-8"?>
<testng-results skipped="0" failed="0" ignored="0" total="1" passed="1">
  <reporter-output>
  </reporter-output>
  <suite name="Default suite" duration-ms="4927" started-at="2018-08-24T17:00:15Z" finished-at="2018-08-24T17:00:19Z">
    <groups>
    </groups>
    <test name="Default test" duration-ms="4927" started-at="2018-08-24T17:00:15Z" finished-at="2018-08-24T17:00:19Z">
      <class name="com.qa.test.RestAPI.GetAPITest">
        <test-method status="PASS" signature="setUp()[pri:0, instance:com.qa.test.RestAPI.GetAPITest@7b69c6ba]" name="setUp" is-config="true" duration-ms="62" started-at="2018-08-24T17:00:15Z" finished-at="2018-08-24T17:00:15Z">
          <reporter-output>
          </reporter-output>
        </test-method> <!-- setUp -->
        <test-method status="PASS" signature="getAPITest()[pri:0, instance:com.qa.test.RestAPI.GetAPITest@7b69c6ba]" name="getAPITest" duration-ms="4808" started-at="2018-08-24T17:00:15Z" finished-at="2018-08-24T17:00:19Z">
          <reporter-output>
          </reporter-output>
        </test-method> <!-- getAPITest -->
      </class> <!-- com.qa.test.RestAPI.GetAPITest -->
    </test> <!-- Default test -->
  </suite> <!-- Default suite -->
</testng-results>
